<?xml version="1.0" encoding="UTF-8"?>
<!-- Generated by org.testng.reporters.JUnitReportReporter -->
<testsuite hostname="DESKTOP-M9BBSA7" failures="0" tests="1" name="Inncrewin.OpenBrowser" time="0.002" errors="0" timestamp="2022-01-19T18:57:13 IST" skipped="0">
  <testcase classname="Inncrewin.OpenBrowser" name="invokebrowser" time="0.002"/>
  <system-out/>
</testsuite> <!-- Inncrewin.OpenBrowser -->
