<?xml version="1.0" encoding="UTF-8"?>
<!-- Generated by org.testng.reporters.JUnitReportReporter -->
<testsuite hostname="DESKTOP-M9BBSA7" failures="0" tests="1" name="Inncrewin.Chrome" time="0.012" errors="0" timestamp="2022-01-19T18:57:13 IST" skipped="0">
  <testcase classname="Inncrewin.Chrome" name="openChrome" time="0.012"/>
  <system-out/>
</testsuite> <!-- Inncrewin.Chrome -->
